[
  {
    "level": "INFO",
    "message": "android.ndkVersion from module build.gradle is 21.3.6528147"
  },
  {
    "level": "INFO",
    "message": "ndk.dir in local.properties is not set"
  },
  {
    "level": "INFO",
    "message": "ANDROID_NDK_HOME environment variable is /Users/nparker/bin/android-ndk"
  },
  {
    "level": "INFO",
    "message": "sdkFolder is /Users/nparker/bin/android-sdk"
  },
  {
    "level": "WARN",
    "message": "Support for ANDROID_NDK_HOME is deprecated and will be removed in the future. Use android.ndkVersion in build.gradle instead."
  },
  {
    "level": "INFO",
    "message": "Considering /Users/nparker/bin/android-ndk by ANDROID_NDK_HOME"
  },
  {
    "level": "INFO",
    "message": "Considering /Users/nparker/bin/android-sdk/ndk-bundle in SDK ndk-bundle folder"
  },
  {
    "level": "INFO",
    "message": "Considering /Users/nparker/bin/android-sdk/ndk/21.4.7075529 in SDK ndk folder"
  },
  {
    "level": "INFO",
    "message": "Considering /Users/nparker/bin/android-sdk/ndk/21.3.6528147 in SDK ndk folder"
  },
  {
    "level": "INFO",
    "message": "Rejected /Users/nparker/bin/android-sdk/ndk-bundle in SDK ndk-bundle folder because that location has no source.properties"
  },
  {
    "level": "INFO",
    "message": "Found requested NDK version 21.3.6528147 at /Users/nparker/bin/android-sdk/ndk/21.3.6528147"
  }
]